<?xml version="1.0" encoding="UTF-8"?>
<!-- Generated by org.testng.reporters.JUnitReportReporter -->
<testsuite hostname="DESKTOP-TFLDBQ4" failures="0" tests="2" name="SecondExampleTest" time="0.001" errors="0" timestamp="2021-11-07T16:12:18 MSK" skipped="0">
  <testcase classname="SecondExampleTest" name="testName" time="0.001"/>
  <system-out/>
  <testcase classname="SecondExampleTest" name="testBooleans" time="0.000"/>
  <system-out/>
</testsuite> <!-- SecondExampleTest -->
