<?xml version="1.0" encoding="UTF-8"?>
<!-- Generated by org.testng.reporters.JUnitReportReporter -->
<testsuite hostname="DESKTOP-TFLDBQ4" failures="0" tests="11" name="FirstExampleTest" time="0.016" errors="0" timestamp="2021-11-07T16:12:18 MSK" skipped="0">
  <testcase classname="FirstExampleTest" name="testMyMethod002" time="0.000"/>
  <system-out/>
  <testcase classname="FirstExampleTest" name="testNumberOfSomething" time="0.001"/>
  <system-out/>
  <testcase classname="FirstExampleTest" name="testMyMethod" time="0.008"/>
  <system-out/>
  <testcase classname="FirstExampleTest" name="testName" time="0.000"/>
  <system-out/>
  <testcase classname="FirstExampleTest" name="testMoreNumbers" time="0.001"/>
  <system-out/>
  <testcase classname="FirstExampleTest" name="testForLoop" time="0.000"/>
  <system-out/>
  <testcase classname="FirstExampleTest" name="testNumbers" time="0.000"/>
  <system-out/>
  <testcase classname="FirstExampleTest" name="testShouldPrintHello" time="0.000"/>
  <system-out/>
  <testcase classname="FirstExampleTest" name="testString" time="0.002"/>
  <system-out/>
  <testcase classname="FirstExampleTest" name="testLoginTest" time="0.001"/>
  <system-out/>
  <testcase classname="FirstExampleTest" name="testArrays" time="0.003"/>
  <system-out/>
</testsuite> <!-- FirstExampleTest -->
